# JRE version: Java(TM) SE Runtime Environment 18.9 (11.0.14+8) (build 11.0.14+8-LTS-263)
# Java VM: Java HotSpot(TM) 64-Bit Server VM 18.9 (11.0.14+8-LTS-263, mixed mode, tiered, compressed oops, g1 gc, windows-amd64)
Heap:
 garbage-first heap   total 131072K, used 28360K [0x0000000080000000, 0x0000000100000000)
  region size 1024K, 7 young (7168K), 4 survivors (4096K)
 Metaspace       used 37936K, capacity 39470K, committed 39676K, reserved 1083392K
  class space    used 4724K, capacity 5382K, committed 5452K, reserved 1048576K
GC Heap History (10 events):
Event: 4.611 GC heap before
{Heap before GC invocations=1 (full 0):
 garbage-first heap   total 131072K, used 35080K [0x0000000080000000, 0x0000000100000000)
  region size 1024K, 36 young (36864K), 2 survivors (2048K)
 Metaspace       used 20575K, capacity 21207K, committed 21296K, reserved 1069056K
  class space    used 2394K, capacity 2660K, committed 2688K, reserved 1048576K
}
Event: 4.628 GC heap after
{Heap after GC invocations=2 (full 0):
 garbage-first heap   total 131072K, used 7351K [0x0000000080000000, 0x0000000100000000)
  region size 1024K, 7 young (7168K), 7 survivors (7168K)
 Metaspace       used 20575K, capacity 21207K, committed 21296K, reserved 1069056K
  class space    used 2394K, capacity 2660K, committed 2688K, reserved 1048576K
}
Event: 6.562 GC heap before
{Heap before GC invocations=3 (full 0):
 garbage-first heap   total 131072K, used 41143K [0x0000000080000000, 0x0000000100000000)
  region size 1024K, 41 young (41984K), 7 survivors (7168K)
 Metaspace       used 30525K, capacity 31491K, committed 31612K, reserved 1077248K
  class space    used 3786K, capacity 4195K, committed 4300K, reserved 1048576K
}
Event: 6.582 GC heap after
{Heap after GC invocations=4 (full 0):
 garbage-first heap   total 131072K, used 11247K [0x0000000080000000, 0x0000000100000000)
  region size 1024K, 4 young (4096K), 4 survivors (4096K)
 Metaspace       used 30525K, capacity 31491K, committed 31612K, reserved 1077248K
  class space    used 3786K, capacity 4195K, committed 4300K, reserved 1048576K
}
Event: 7.419 GC heap before
{Heap before GC invocations=4 (full 0):
 garbage-first heap   total 131072K, used 48111K [0x0000000080000000, 0x0000000100000000)
  region size 1024K, 41 young (41984K), 4 survivors (4096K)
 Metaspace       used 34538K, capacity 35899K, committed 35964K, reserved 1081344K
  class space    used 4419K, capacity 5019K, committed 5068K, reserved 1048576K
}
Event: 7.444 GC heap after
{Heap after GC invocations=5 (full 0):
 garbage-first heap   total 131072K, used 20480K [0x0000000080000000, 0x0000000100000000)
  region size 1024K, 6 young (6144K), 6 survivors (6144K)
 Metaspace       used 34538K, capacity 35899K, committed 35964K, reserved 1081344K
  class space    used 4419K, capacity 5019K, committed 5068K, reserved 1048576K
}
Event: 27.353 GC heap before
{Heap before GC invocations=6 (full 0):
 garbage-first heap   total 131072K, used 34816K [0x0000000080000000, 0x0000000100000000)
  region size 1024K, 18 young (18432K), 6 survivors (6144K)
 Metaspace       used 36365K, capacity 37837K, committed 38012K, reserved 1081344K
  class space    used 4587K, capacity 5246K, committed 5324K, reserved 1048576K
}
Event: 27.368 GC heap after
{Heap after GC invocations=7 (full 0):
 garbage-first heap   total 131072K, used 24609K [0x0000000080000000, 0x0000000100000000)
  region size 1024K, 2 young (2048K), 2 survivors (2048K)
 Metaspace       used 36365K, capacity 37837K, committed 38012K, reserved 1081344K
  class space    used 4587K, capacity 5246K, committed 5324K, reserved 1048576K
}
Event: 569.850 GC heap before
{Heap before GC invocations=8 (full 0):
 garbage-first heap   total 131072K, used 66593K [0x0000000080000000, 0x0000000100000000)
  region size 1024K, 43 young (44032K), 2 survivors (2048K)
 Metaspace       used 37934K, capacity 39470K, committed 39676K, reserved 1083392K
  class space    used 4724K, capacity 5382K, committed 5452K, reserved 1048576K
}
Event: 569.910 GC heap after
{Heap after GC invocations=9 (full 0):
 garbage-first heap   total 131072K, used 26312K [0x0000000080000000, 0x0000000100000000)
  region size 1024K, 4 young (4096K), 4 survivors (4096K)
 Metaspace       used 37934K, capacity 39470K, committed 39676K, reserved 1083392K
  class space    used 4724K, capacity 5382K, committed 5452K, reserved 1048576K
}

